<?xml version="1.0" encoding="UTF-8"?>
<testsuite xmlns:xsi="http://www.w3.org/2001/XMLSchema-instance" xsi:noNamespaceSchemaLocation="https://maven.apache.org/surefire/maven-surefire-plugin/xsd/surefire-test-report-3.0.xsd" version="3.0" name="com.example.compute.RunCucumberApiTest" time="0.856" tests="3" errors="0" skipped="0" failures="0">
  <properties>
[...]
</properties>
  <testcase name="Successful addition with valid input" classname="Addition API Endpoint" time="0.801">
    <system-out><![CDATA[2025-07-07 16:37:36.549  INFO 69975 --- [           main] .b.t.c.SpringBootTestContextBootstrapper : Neither @ContextConfiguration nor @ContextHierarchy found for test class [com.example.compute.ComputeApiStepDefinitions], using SpringBootContextLoader
2025-07-07 16:37:36.549  INFO 69975 --- [           main] o.s.t.c.support.AbstractContextLoader    : Could not detect default resource locations for test class [com.example.compute.ComputeApiStepDefinitions]: no resource found for suffixes {-context.xml, Context.groovy}.
2025-07-07 16:37:36.550 DEBUG 69975 --- [           main] .b.t.c.SpringBootTestContextBootstrapper : @TestExecutionListeners is not present for class [com.example.compute.ComputeApiStepDefinitions]: using defaults.
2025-07-07 16:37:36.550  INFO 69975 --- [           main] .b.t.c.SpringBootTestContextBootstrapper : Loaded default TestExecutionListener class names from location [META-INF/spring.factories]: [org.springframework.boot.test.mock.mockito.MockitoTestExecutionListener, org.springframework.boot.test.mock.mockito.ResetMocksTestExecutionListener, org.springframework.boot.test.autoconfigure.restdocs.RestDocsTestExecutionListener, org.springframework.boot.test.autoconfigure.web.client.MockRestServiceServerResetTestExecutionListener, org.springframework.boot.test.autoconfigure.web.servlet.MockMvcPrintOnlyOnFailureTestExecutionListener, org.springframework.boot.test.autoconfigure.web.servlet.WebDriverTestExecutionListener, org.springframework.boot.test.autoconfigure.webservices.client.MockWebServiceServerTestExecutionListener, org.springframework.test.context.web.ServletTestExecutionListener, org.springframework.test.context.support.DirtiesContextBeforeModesTestExecutionListener, org.springframework.test.context.event.ApplicationEventsTestExecutionListener, org.springframework.test.context.support.DependencyInjectionTestExecutionListener, org.springframework.test.context.support.DirtiesContextTestExecutionListener, org.springframework.test.context.transaction.TransactionalTestExecutionListener, org.springframework.test.context.jdbc.SqlScriptsTestExecutionListener, org.springframework.test.context.event.EventPublishingTestExecutionListener]
2025-07-07 16:37:36.551 DEBUG 69975 --- [           main] .b.t.c.SpringBootTestContextBootstrapper : Skipping candidate TestExecutionListener [org.springframework.test.context.transaction.TransactionalTestExecutionListener] due to a missing dependency. Specify custom listener classes or make the default listener classes and their required dependencies available. Offending class: [org/springframework/transaction/interceptor/TransactionAttributeSource]
2025-07-07 16:37:36.551 DEBUG 69975 --- [           main] .b.t.c.SpringBootTestContextBootstrapper : Skipping candidate TestExecutionListener [org.springframework.test.context.jdbc.SqlScriptsTestExecutionListener] due to a missing dependency. Specify custom listener classes or make the default listener classes and their required dependencies available. Offending class: [org/springframework/transaction/interceptor/TransactionAttribute]
2025-07-07 16:37:36.551  INFO 69975 --- [           main] .b.t.c.SpringBootTestContextBootstrapper : Using TestExecutionListeners: [org.springframework.test.context.web.ServletTestExecutionListener@336d28a1, org.springframework.test.context.support.DirtiesContextBeforeModesTestExecutionListener@738a39cc, org.springframework.test.context.event.ApplicationEventsTestExecutionListener@42e202d7, org.springframework.boot.test.mock.mockito.MockitoTestExecutionListener@38e7860c, org.springframework.boot.test.autoconfigure.SpringBootDependencyInjectionTestExecutionListener@62158991, org.springframework.test.context.support.DirtiesContextTestExecutionListener@40738846, org.springframework.test.context.event.EventPublishingTestExecutionListener@1255de25, org.springframework.boot.test.mock.mockito.ResetMocksTestExecutionListener@1686ed85, org.springframework.boot.test.autoconfigure.restdocs.RestDocsTestExecutionListener@5891b7c5, org.springframework.boot.test.autoconfigure.web.client.MockRestServiceServerResetTestExecutionListener@4fc3529, org.springframework.boot.test.autoconfigure.web.servlet.MockMvcPrintOnlyOnFailureTestExecutionListener@38e46765, org.springframework.boot.test.autoconfigure.web.servlet.WebDriverTestExecutionListener@192f5f39, org.springframework.boot.test.autoconfigure.webservices.client.MockWebServiceServerTestExecutionListener@4cd5fc46]

@api_contract
Scenario: Successful addition with valid input               &amp#27;[90m# compute_api.feature:7&amp#27;[0m
2025-07-07 16:37:37.018  INFO 69975 --- [o-auto-1-exec-1] o.a.c.c.C.[Tomcat].[localhost].[/]       : Initializing Spring DispatcherServlet 'dispatcherServlet'
2025-07-07 16:37:37.020  INFO 69975 --- [o-auto-1-exec-1] o.s.web.servlet.DispatcherServlet        : Initializing Servlet 'dispatcherServlet'
2025-07-07 16:37:37.020 DEBUG 69975 --- [o-auto-1-exec-1] o.s.web.servlet.DispatcherServlet        : Detected StandardServletMultipartResolver
2025-07-07 16:37:37.020 DEBUG 69975 --- [o-auto-1-exec-1] o.s.web.servlet.DispatcherServlet        : Detected AcceptHeaderLocaleResolver
2025-07-07 16:37:37.020 DEBUG 69975 --- [o-auto-1-exec-1] o.s.web.servlet.DispatcherServlet        : Detected FixedThemeResolver
2025-07-07 16:37:37.020 DEBUG 69975 --- [o-auto-1-exec-1] o.s.web.servlet.DispatcherServlet        : Detected org.springframework.web.servlet.view.DefaultRequestToViewNameTranslator@36371ef8
2025-07-07 16:37:37.021 DEBUG 69975 --- [o-auto-1-exec-1] o.s.web.servlet.DispatcherServlet        : Detected org.springframework.web.servlet.support.SessionFlashMapManager@2335ac2
2025-07-07 16:37:37.021 DEBUG 69975 --- [o-auto-1-exec-1] o.s.web.servlet.DispatcherServlet        : enableLoggingRequestDetails='false': request parameters and headers will be masked to prevent unsafe logging of potentially sensitive data
2025-07-07 16:37:37.021  INFO 69975 --- [o-auto-1-exec-1] o.s.web.servlet.DispatcherServlet        : Completed initialization in 1 ms
2025-07-07 16:37:37.035 DEBUG 69975 --- [o-auto-1-exec-1] o.s.web.servlet.DispatcherServlet        : GET "/api/add?a=10&b=20", parameters={masked}
2025-07-07 16:37:37.039 DEBUG 69975 --- [o-auto-1-exec-1] s.w.s.m.m.a.RequestMappingHandlerMapping : Mapped to com.example.compute.ComputeController#add(String, String)
2025-07-07 16:37:37.058 DEBUG 69975 --- [o-auto-1-exec-1] o.s.w.s.m.m.a.HttpEntityMethodProcessor  : Using 'application/json', given [*/*] and supported [application/json, application/*+json, application/json, application/*+json]
2025-07-07 16:37:37.058 DEBUG 69975 --- [o-auto-1-exec-1] o.s.w.s.m.m.a.HttpEntityMethodProcessor  : Writing [{result=30.0}]
2025-07-07 16:37:37.074 DEBUG 69975 --- [o-auto-1-exec-1] o.s.web.servlet.DispatcherServlet        : Completed 200 OK
  &amp#27;[32mWhen &amp#27;[0m&amp#27;[32mI send a GET request to &amp#27;[0m&amp#27;[32m&amp#27;[1m"/api/add?a=10&b=20"&amp#27;[0m          &amp#27;[90m# com.example.compute.ComputeApiStepDefinitions.iSendAGETRequestTo(java.lang.String)&amp#27;[0m
  &amp#27;[32mThen &amp#27;[0m&amp#27;[32mthe response code should be &amp#27;[0m&amp#27;[32m&amp#27;[1m200&amp#27;[0m                       &amp#27;[90m# com.example.compute.ComputeApiStepDefinitions.theResponseCodeShouldBe(int)&amp#27;[0m
  &amp#27;[32mAnd &amp#27;[0m&amp#27;[32mthe response content-type should be &amp#27;[0m&amp#27;[32m&amp#27;[1m"application/json"&amp#27;[0m &amp#27;[90m# com.example.compute.ComputeApiStepDefinitions.theResponseContentTypeShouldBe(java.lang.String)&amp#27;[0m
  &amp#27;[32mAnd &amp#27;[0m&amp#27;[32mthe response body should contain:&amp#27;[0m                      &amp#27;[90m# com.example.compute.ComputeApiStepDefinitions.theResponseBodyShouldContain(io.cucumber.datatable.DataTable)&amp#27;[0m
    | key    | value |
    | result | 30    |
]]></system-out>
  </testcase>
  <testcase name="Missing required query parameter" classname="Addition API Endpoint" time="0.028">
    <system-out><![CDATA[2025-07-07 16:37:37.351  INFO 69975 --- [           main] .b.t.c.SpringBootTestContextBootstrapper : Neither @ContextConfiguration nor @ContextHierarchy found for test class [com.example.compute.ComputeApiStepDefinitions], using SpringBootContextLoader
2025-07-07 16:37:37.352  INFO 69975 --- [           main] o.s.t.c.support.AbstractContextLoader    : Could not detect default resource locations for test class [com.example.compute.ComputeApiStepDefinitions]: no resource found for suffixes {-context.xml, Context.groovy}.
2025-07-07 16:37:37.354 DEBUG 69975 --- [           main] .b.t.c.SpringBootTestContextBootstrapper : @TestExecutionListeners is not present for class [com.example.compute.ComputeApiStepDefinitions]: using defaults.
2025-07-07 16:37:37.354  INFO 69975 --- [           main] .b.t.c.SpringBootTestContextBootstrapper : Loaded default TestExecutionListener class names from location [META-INF/spring.factories]: [org.springframework.boot.test.mock.mockito.MockitoTestExecutionListener, org.springframework.boot.test.mock.mockito.ResetMocksTestExecutionListener, org.springframework.boot.test.autoconfigure.restdocs.RestDocsTestExecutionListener, org.springframework.boot.test.autoconfigure.web.client.MockRestServiceServerResetTestExecutionListener, org.springframework.boot.test.autoconfigure.web.servlet.MockMvcPrintOnlyOnFailureTestExecutionListener, org.springframework.boot.test.autoconfigure.web.servlet.WebDriverTestExecutionListener, org.springframework.boot.test.autoconfigure.webservices.client.MockWebServiceServerTestExecutionListener, org.springframework.test.context.web.ServletTestExecutionListener, org.springframework.test.context.support.DirtiesContextBeforeModesTestExecutionListener, org.springframework.test.context.event.ApplicationEventsTestExecutionListener, org.springframework.test.context.support.DependencyInjectionTestExecutionListener, org.springframework.test.context.support.DirtiesContextTestExecutionListener, org.springframework.test.context.transaction.TransactionalTestExecutionListener, org.springframework.test.context.jdbc.SqlScriptsTestExecutionListener, org.springframework.test.context.event.EventPublishingTestExecutionListener]
2025-07-07 16:37:37.354 DEBUG 69975 --- [           main] .b.t.c.SpringBootTestContextBootstrapper : Skipping candidate TestExecutionListener [org.springframework.test.context.transaction.TransactionalTestExecutionListener] due to a missing dependency. Specify custom listener classes or make the default listener classes and their required dependencies available. Offending class: [org/springframework/transaction/interceptor/TransactionAttributeSource]
2025-07-07 16:37:37.354 DEBUG 69975 --- [           main] .b.t.c.SpringBootTestContextBootstrapper : Skipping candidate TestExecutionListener [org.springframework.test.context.jdbc.SqlScriptsTestExecutionListener] due to a missing dependency. Specify custom listener classes or make the default listener classes and their required dependencies available. Offending class: [org/springframework/transaction/interceptor/TransactionAttribute]
2025-07-07 16:37:37.355  INFO 69975 --- [           main] .b.t.c.SpringBootTestContextBootstrapper : Using TestExecutionListeners: [org.springframework.test.context.web.ServletTestExecutionListener@478cc5f1, org.springframework.test.context.support.DirtiesContextBeforeModesTestExecutionListener@245b0bd7, org.springframework.test.context.event.ApplicationEventsTestExecutionListener@3bf41cd0, org.springframework.boot.test.mock.mockito.MockitoTestExecutionListener@2748bd6c, org.springframework.boot.test.autoconfigure.SpringBootDependencyInjectionTestExecutionListener@64a4739, org.springframework.test.context.support.DirtiesContextTestExecutionListener@7ab3f194, org.springframework.test.context.event.EventPublishingTestExecutionListener@613a608e, org.springframework.boot.test.mock.mockito.ResetMocksTestExecutionListener@37b1218, org.springframework.boot.test.autoconfigure.restdocs.RestDocsTestExecutionListener@575cfec1, org.springframework.boot.test.autoconfigure.web.client.MockRestServiceServerResetTestExecutionListener@32068aef, org.springframework.boot.test.autoconfigure.web.servlet.MockMvcPrintOnlyOnFailureTestExecutionListener@8ab231, org.springframework.boot.test.autoconfigure.web.servlet.WebDriverTestExecutionListener@5b3a8bea, org.springframework.boot.test.autoconfigure.webservices.client.MockWebServiceServerTestExecutionListener@6ba0dcba]

@api_contract
Scenario: Missing required query parameter                                  &amp#27;[90m# compute_api.feature:15&amp#27;[0m
2025-07-07 16:37:37.367 DEBUG 69975 --- [o-auto-1-exec-2] o.s.web.servlet.DispatcherServlet        : GET "/api/add?a=10", parameters={masked}
2025-07-07 16:37:37.367 DEBUG 69975 --- [o-auto-1-exec-2] s.w.s.m.m.a.RequestMappingHandlerMapping : Mapped to com.example.compute.ComputeController#add(String, String)
2025-07-07 16:37:37.368 DEBUG 69975 --- [o-auto-1-exec-2] o.s.w.s.m.m.a.HttpEntityMethodProcessor  : Using 'application/json', given [*/*] and supported [application/json, application/*+json, application/json, application/*+json]
2025-07-07 16:37:37.368 DEBUG 69975 --- [o-auto-1-exec-2] o.s.w.s.m.m.a.HttpEntityMethodProcessor  : Writing [{error=Missing parameter: b}]
2025-07-07 16:37:37.369 DEBUG 69975 --- [o-auto-1-exec-2] o.s.web.servlet.DispatcherServlet        : Completed 400 BAD_REQUEST
  &amp#27;[32mWhen &amp#27;[0m&amp#27;[32mI send a GET request to &amp#27;[0m&amp#27;[32m&amp#27;[1m"/api/add?a=10"&amp#27;[0m                              &amp#27;[90m# com.example.compute.ComputeApiStepDefinitions.iSendAGETRequestTo(java.lang.String)&amp#27;[0m
  &amp#27;[32mThen &amp#27;[0m&amp#27;[32mthe response code should be &amp#27;[0m&amp#27;[32m&amp#27;[1m400&amp#27;[0m                                      &amp#27;[90m# com.example.compute.ComputeApiStepDefinitions.theResponseCodeShouldBe(int)&amp#27;[0m
  &amp#27;[32mAnd &amp#27;[0m&amp#27;[32mthe response body should contain error message &amp#27;[0m&amp#27;[32m&amp#27;[1m"Missing parameter: b"&amp#27;[0m &amp#27;[90m# com.example.compute.ComputeApiStepDefinitions.theResponseBodyShouldContainErrorMessage(java.lang.String)&amp#27;[0m
]]></system-out>
  </testcase>
  <testcase name="Invalid input type" classname="Addition API Endpoint" time="0.022">
    <system-out><![CDATA[2025-07-07 16:37:37.379  INFO 69975 --- [           main] .b.t.c.SpringBootTestContextBootstrapper : Neither @ContextConfiguration nor @ContextHierarchy found for test class [com.example.compute.ComputeApiStepDefinitions], using SpringBootContextLoader
2025-07-07 16:37:37.380  INFO 69975 --- [           main] o.s.t.c.support.AbstractContextLoader    : Could not detect default resource locations for test class [com.example.compute.ComputeApiStepDefinitions]: no resource found for suffixes {-context.xml, Context.groovy}.
2025-07-07 16:37:37.381 DEBUG 69975 --- [           main] .b.t.c.SpringBootTestContextBootstrapper : @TestExecutionListeners is not present for class [com.example.compute.ComputeApiStepDefinitions]: using defaults.
2025-07-07 16:37:37.381  INFO 69975 --- [           main] .b.t.c.SpringBootTestContextBootstrapper : Loaded default TestExecutionListener class names from location [META-INF/spring.factories]: [org.springframework.boot.test.mock.mockito.MockitoTestExecutionListener, org.springframework.boot.test.mock.mockito.ResetMocksTestExecutionListener, org.springframework.boot.test.autoconfigure.restdocs.RestDocsTestExecutionListener, org.springframework.boot.test.autoconfigure.web.client.MockRestServiceServerResetTestExecutionListener, org.springframework.boot.test.autoconfigure.web.servlet.MockMvcPrintOnlyOnFailureTestExecutionListener, org.springframework.boot.test.autoconfigure.web.servlet.WebDriverTestExecutionListener, org.springframework.boot.test.autoconfigure.webservices.client.MockWebServiceServerTestExecutionListener, org.springframework.test.context.web.ServletTestExecutionListener, org.springframework.test.context.support.DirtiesContextBeforeModesTestExecutionListener, org.springframework.test.context.event.ApplicationEventsTestExecutionListener, org.springframework.test.context.support.DependencyInjectionTestExecutionListener, org.springframework.test.context.support.DirtiesContextTestExecutionListener, org.springframework.test.context.transaction.TransactionalTestExecutionListener, org.springframework.test.context.jdbc.SqlScriptsTestExecutionListener, org.springframework.test.context.event.EventPublishingTestExecutionListener]
2025-07-07 16:37:37.381 DEBUG 69975 --- [           main] .b.t.c.SpringBootTestContextBootstrapper : Skipping candidate TestExecutionListener [org.springframework.test.context.transaction.TransactionalTestExecutionListener] due to a missing dependency. Specify custom listener classes or make the default listener classes and their required dependencies available. Offending class: [org/springframework/transaction/interceptor/TransactionAttributeSource]
2025-07-07 16:37:37.382 DEBUG 69975 --- [           main] .b.t.c.SpringBootTestContextBootstrapper : Skipping candidate TestExecutionListener [org.springframework.test.context.jdbc.SqlScriptsTestExecutionListener] due to a missing dependency. Specify custom listener classes or make the default listener classes and their required dependencies available. Offending class: [org/springframework/transaction/interceptor/TransactionAttribute]
2025-07-07 16:37:37.382  INFO 69975 --- [           main] .b.t.c.SpringBootTestContextBootstrapper : Using TestExecutionListeners: [org.springframework.test.context.web.ServletTestExecutionListener@341df373, org.springframework.test.context.support.DirtiesContextBeforeModesTestExecutionListener@7e9ed4df, org.springframework.test.context.event.ApplicationEventsTestExecutionListener@453e1bba, org.springframework.boot.test.mock.mockito.MockitoTestExecutionListener@aade5a2, org.springframework.boot.test.autoconfigure.SpringBootDependencyInjectionTestExecutionListener@51f009ef, org.springframework.test.context.support.DirtiesContextTestExecutionListener@59c00722, org.springframework.test.context.event.EventPublishingTestExecutionListener@6c96346b, org.springframework.boot.test.mock.mockito.ResetMocksTestExecutionListener@9734cae, org.springframework.boot.test.autoconfigure.restdocs.RestDocsTestExecutionListener@589d831e, org.springframework.boot.test.autoconfigure.web.client.MockRestServiceServerResetTestExecutionListener@1bd6638, org.springframework.boot.test.autoconfigure.web.servlet.MockMvcPrintOnlyOnFailureTestExecutionListener@5c552f08, org.springframework.boot.test.autoconfigure.web.servlet.WebDriverTestExecutionListener@4fd00e10, org.springframework.boot.test.autoconfigure.webservices.client.MockWebServiceServerTestExecutionListener@7be1e187]

@api_contract
Scenario: Invalid input type                                              &amp#27;[90m# compute_api.feature:20&amp#27;[0m
2025-07-07 16:37:37.392 DEBUG 69975 --- [o-auto-1-exec-3] o.s.web.servlet.DispatcherServlet        : GET "/api/add?a=abc&b=10", parameters={masked}
2025-07-07 16:37:37.392 DEBUG 69975 --- [o-auto-1-exec-3] s.w.s.m.m.a.RequestMappingHandlerMapping : Mapped to com.example.compute.ComputeController#add(String, String)
2025-07-07 16:37:37.392 DEBUG 69975 --- [o-auto-1-exec-3] o.s.w.s.m.m.a.HttpEntityMethodProcessor  : Using 'application/json', given [*/*] and supported [application/json, application/*+json, application/json, application/*+json]
2025-07-07 16:37:37.392 DEBUG 69975 --- [o-auto-1-exec-3] o.s.w.s.m.m.a.HttpEntityMethodProcessor  : Writing [{error=Invalid input type}]
2025-07-07 16:37:37.393 DEBUG 69975 --- [o-auto-1-exec-3] o.s.web.servlet.DispatcherServlet        : Completed 400 BAD_REQUEST
  &amp#27;[32mWhen &amp#27;[0m&amp#27;[32mI send a GET request to &amp#27;[0m&amp#27;[32m&amp#27;[1m"/api/add?a=abc&b=10"&amp#27;[0m                      &amp#27;[90m# com.example.compute.ComputeApiStepDefinitions.iSendAGETRequestTo(java.lang.String)&amp#27;[0m
  &amp#27;[32mThen &amp#27;[0m&amp#27;[32mthe response code should be &amp#27;[0m&amp#27;[32m&amp#27;[1m400&amp#27;[0m                                    &amp#27;[90m# com.example.compute.ComputeApiStepDefinitions.theResponseCodeShouldBe(int)&amp#27;[0m
  &amp#27;[32mAnd &amp#27;[0m&amp#27;[32mthe response body should contain error message &amp#27;[0m&amp#27;[32m&amp#27;[1m"Invalid input type"&amp#27;[0m &amp#27;[90m# com.example.compute.ComputeApiStepDefinitions.theResponseBodyShouldContainErrorMessage(java.lang.String)&amp#27;[0m
]]></system-out>
  </testcase>
</testsuite>